<?xml version="1.0" encoding="UTF-8"?>
<testsuite xmlns:xsi="http://www.w3.org/2001/XMLSchema-instance" xsi:noNamespaceSchemaLocation="https://maven.apache.org/surefire/maven-surefire-plugin/xsd/surefire-test-report.xsd" version="3.0.2" name="screens.StartEndScreenTest" time="0.007" tests="2" errors="0" skipped="0" failures="0">
  <properties>
    <property name="java.specification.version" value="24"/>
    <property name="sun.cpu.isalist" value="amd64"/>
    <property name="sun.jnu.encoding" value="Cp1252"/>
    <property name="java.class.path" value="D:\JavaProgs\hangman\target\test-classes;D:\JavaProgs\hangman\target\classes;C:\Users\Kirill Usov\.m2\repository\org\jspecify\jspecify\1.0.0\jspecify-1.0.0.jar;C:\Users\Kirill Usov\.m2\repository\com\github\spotbugs\spotbugs-annotations\4.9.3\spotbugs-annotations-4.9.3.jar;C:\Users\Kirill Usov\.m2\repository\org\jetbrains\annotations\26.0.2\annotations-26.0.2.jar;C:\Users\Kirill Usov\.m2\repository\info\picocli\picocli\4.7.7\picocli-4.7.7.jar;C:\Users\Kirill Usov\.m2\repository\com\fasterxml\jackson\core\jackson-databind\2.19.2\jackson-databind-2.19.2.jar;C:\Users\Kirill Usov\.m2\repository\com\fasterxml\jackson\core\jackson-annotations\2.19.2\jackson-annotations-2.19.2.jar;C:\Users\Kirill Usov\.m2\repository\com\fasterxml\jackson\core\jackson-core\2.19.2\jackson-core-2.19.2.jar;C:\Users\Kirill Usov\.m2\repository\com\fasterxml\jackson\dataformat\jackson-dataformat-yaml\2.19.2\jackson-dataformat-yaml-2.19.2.jar;C:\Users\Kirill Usov\.m2\repository\org\yaml\snakeyaml\2.3\snakeyaml-2.3.jar;C:\Users\Kirill Usov\.m2\repository\com\fasterxml\jackson\module\jackson-module-parameter-names\2.19.2\jackson-module-parameter-names-2.19.2.jar;C:\Users\Kirill Usov\.m2\repository\com\fasterxml\jackson\datatype\jackson-datatype-jdk8\2.19.2\jackson-datatype-jdk8-2.19.2.jar;C:\Users\Kirill Usov\.m2\repository\com\fasterxml\jackson\datatype\jackson-datatype-jsr310\2.19.2\jackson-datatype-jsr310-2.19.2.jar;C:\Users\Kirill Usov\.m2\repository\org\apache\logging\log4j\log4j-api\2.25.1\log4j-api-2.25.1.jar;C:\Users\Kirill Usov\.m2\repository\org\apache\logging\log4j\log4j-core\2.25.1\log4j-core-2.25.1.jar;C:\Users\Kirill Usov\.m2\repository\org\apache\logging\log4j\log4j-slf4j2-impl\2.25.1\log4j-slf4j2-impl-2.25.1.jar;C:\Users\Kirill Usov\.m2\repository\org\slf4j\slf4j-api\2.0.17\slf4j-api-2.0.17.jar;C:\Users\Kirill Usov\.m2\repository\org\apache\logging\log4j\log4j-jul\2.25.1\log4j-jul-2.25.1.jar;C:\Users\Kirill Usov\.m2\repository\org\apache\logging\log4j\log4j-layout-template-json\2.25.1\log4j-layout-template-json-2.25.1.jar;C:\Users\Kirill Usov\.m2\repository\org\awaitility\awaitility\4.3.0\awaitility-4.3.0.jar;C:\Users\Kirill Usov\.m2\repository\org\hamcrest\hamcrest\2.2\hamcrest-2.2.jar;C:\Users\Kirill Usov\.m2\repository\org\assertj\assertj-core\4.0.0-M1\assertj-core-4.0.0-M1.jar;C:\Users\Kirill Usov\.m2\repository\net\bytebuddy\byte-buddy\1.15.11\byte-buddy-1.15.11.jar;C:\Users\Kirill Usov\.m2\repository\org\junit\jupiter\junit-jupiter\6.0.0-M2\junit-jupiter-6.0.0-M2.jar;C:\Users\Kirill Usov\.m2\repository\org\junit\jupiter\junit-jupiter-api\6.0.0-M2\junit-jupiter-api-6.0.0-M2.jar;C:\Users\Kirill Usov\.m2\repository\org\opentest4j\opentest4j\1.3.0\opentest4j-1.3.0.jar;C:\Users\Kirill Usov\.m2\repository\org\junit\platform\junit-platform-commons\6.0.0-M2\junit-platform-commons-6.0.0-M2.jar;C:\Users\Kirill Usov\.m2\repository\org\apiguardian\apiguardian-api\1.1.2\apiguardian-api-1.1.2.jar;C:\Users\Kirill Usov\.m2\repository\org\junit\jupiter\junit-jupiter-params\6.0.0-M2\junit-jupiter-params-6.0.0-M2.jar;C:\Users\Kirill Usov\.m2\repository\org\junit\jupiter\junit-jupiter-engine\6.0.0-M2\junit-jupiter-engine-6.0.0-M2.jar;C:\Users\Kirill Usov\.m2\repository\org\junit\platform\junit-platform-engine\6.0.0-M2\junit-platform-engine-6.0.0-M2.jar;C:\Users\Kirill Usov\.m2\repository\org\instancio\instancio-junit\5.5.0\instancio-junit-5.5.0.jar;C:\Users\Kirill Usov\.m2\repository\org\instancio\instancio-core\5.5.0\instancio-core-5.5.0.jar;"/>
    <property name="java.vm.vendor" value="Oracle Corporation"/>
    <property name="sun.arch.data.model" value="64"/>
    <property name="user.variant" value=""/>
    <property name="java.vendor.url" value="https://java.oracle.com/"/>
    <property name="user.timezone" value="UTC"/>
    <property name="user.country.format" value="RU"/>
    <property name="os.name" value="Windows 11"/>
    <property name="java.vm.specification.version" value="24"/>
    <property name="user.country" value="US"/>
    <property name="sun.java.launcher" value="SUN_STANDARD"/>
    <property name="sun.boot.library.path" value="C:\Program Files\Java\jdk-24\bin"/>
    <property name="sun.java.command" value="C:\Users\Kirill Usov\AppData\Local\Temp\surefire16772155109783003376\surefirebooter-20251016113338210_3.jar C:\Users\Kirill Usov\AppData\Local\Temp\surefire16772155109783003376 2025-10-16T11-33-38_050-jvmRun1 surefire-20251016113338210_1tmp surefire_0-20251016113338210_2tmp"/>
    <property name="jdk.debug" value="release"/>
    <property name="surefire.test.class.path" value="D:\JavaProgs\hangman\target\test-classes;D:\JavaProgs\hangman\target\classes;C:\Users\Kirill Usov\.m2\repository\org\jspecify\jspecify\1.0.0\jspecify-1.0.0.jar;C:\Users\Kirill Usov\.m2\repository\com\github\spotbugs\spotbugs-annotations\4.9.3\spotbugs-annotations-4.9.3.jar;C:\Users\Kirill Usov\.m2\repository\org\jetbrains\annotations\26.0.2\annotations-26.0.2.jar;C:\Users\Kirill Usov\.m2\repository\info\picocli\picocli\4.7.7\picocli-4.7.7.jar;C:\Users\Kirill Usov\.m2\repository\com\fasterxml\jackson\core\jackson-databind\2.19.2\jackson-databind-2.19.2.jar;C:\Users\Kirill Usov\.m2\repository\com\fasterxml\jackson\core\jackson-annotations\2.19.2\jackson-annotations-2.19.2.jar;C:\Users\Kirill Usov\.m2\repository\com\fasterxml\jackson\core\jackson-core\2.19.2\jackson-core-2.19.2.jar;C:\Users\Kirill Usov\.m2\repository\com\fasterxml\jackson\dataformat\jackson-dataformat-yaml\2.19.2\jackson-dataformat-yaml-2.19.2.jar;C:\Users\Kirill Usov\.m2\repository\org\yaml\snakeyaml\2.3\snakeyaml-2.3.jar;C:\Users\Kirill Usov\.m2\repository\com\fasterxml\jackson\module\jackson-module-parameter-names\2.19.2\jackson-module-parameter-names-2.19.2.jar;C:\Users\Kirill Usov\.m2\repository\com\fasterxml\jackson\datatype\jackson-datatype-jdk8\2.19.2\jackson-datatype-jdk8-2.19.2.jar;C:\Users\Kirill Usov\.m2\repository\com\fasterxml\jackson\datatype\jackson-datatype-jsr310\2.19.2\jackson-datatype-jsr310-2.19.2.jar;C:\Users\Kirill Usov\.m2\repository\org\apache\logging\log4j\log4j-api\2.25.1\log4j-api-2.25.1.jar;C:\Users\Kirill Usov\.m2\repository\org\apache\logging\log4j\log4j-core\2.25.1\log4j-core-2.25.1.jar;C:\Users\Kirill Usov\.m2\repository\org\apache\logging\log4j\log4j-slf4j2-impl\2.25.1\log4j-slf4j2-impl-2.25.1.jar;C:\Users\Kirill Usov\.m2\repository\org\slf4j\slf4j-api\2.0.17\slf4j-api-2.0.17.jar;C:\Users\Kirill Usov\.m2\repository\org\apache\logging\log4j\log4j-jul\2.25.1\log4j-jul-2.25.1.jar;C:\Users\Kirill Usov\.m2\repository\org\apache\logging\log4j\log4j-layout-template-json\2.25.1\log4j-layout-template-json-2.25.1.jar;C:\Users\Kirill Usov\.m2\repository\org\awaitility\awaitility\4.3.0\awaitility-4.3.0.jar;C:\Users\Kirill Usov\.m2\repository\org\hamcrest\hamcrest\2.2\hamcrest-2.2.jar;C:\Users\Kirill Usov\.m2\repository\org\assertj\assertj-core\4.0.0-M1\assertj-core-4.0.0-M1.jar;C:\Users\Kirill Usov\.m2\repository\net\bytebuddy\byte-buddy\1.15.11\byte-buddy-1.15.11.jar;C:\Users\Kirill Usov\.m2\repository\org\junit\jupiter\junit-jupiter\6.0.0-M2\junit-jupiter-6.0.0-M2.jar;C:\Users\Kirill Usov\.m2\repository\org\junit\jupiter\junit-jupiter-api\6.0.0-M2\junit-jupiter-api-6.0.0-M2.jar;C:\Users\Kirill Usov\.m2\repository\org\opentest4j\opentest4j\1.3.0\opentest4j-1.3.0.jar;C:\Users\Kirill Usov\.m2\repository\org\junit\platform\junit-platform-commons\6.0.0-M2\junit-platform-commons-6.0.0-M2.jar;C:\Users\Kirill Usov\.m2\repository\org\apiguardian\apiguardian-api\1.1.2\apiguardian-api-1.1.2.jar;C:\Users\Kirill Usov\.m2\repository\org\junit\jupiter\junit-jupiter-params\6.0.0-M2\junit-jupiter-params-6.0.0-M2.jar;C:\Users\Kirill Usov\.m2\repository\org\junit\jupiter\junit-jupiter-engine\6.0.0-M2\junit-jupiter-engine-6.0.0-M2.jar;C:\Users\Kirill Usov\.m2\repository\org\junit\platform\junit-platform-engine\6.0.0-M2\junit-platform-engine-6.0.0-M2.jar;C:\Users\Kirill Usov\.m2\repository\org\instancio\instancio-junit\5.5.0\instancio-junit-5.5.0.jar;C:\Users\Kirill Usov\.m2\repository\org\instancio\instancio-core\5.5.0\instancio-core-5.5.0.jar;"/>
    <property name="sun.cpu.endian" value="little"/>
    <property name="user.home" value="C:\Users\Kirill Usov"/>
    <property name="user.language" value="en"/>
    <property name="java.specification.vendor" value="Oracle Corporation"/>
    <property name="java.version.date" value="2025-07-15"/>
    <property name="java.home" value="C:\Program Files\Java\jdk-24"/>
    <property name="file.separator" value="\"/>
    <property name="basedir" value="D:\JavaProgs\hangman"/>
    <property name="style.color" value="always"/>
    <property name="java.vm.compressedOopsMode" value="Zero based"/>
    <property name="line.separator" value="&#10;"/>
    <property name="java.vm.specification.vendor" value="Oracle Corporation"/>
    <property name="java.specification.name" value="Java Platform API Specification"/>
    <property name="org.slf4j.simpleLogger.showDateTime" value="true"/>
    <property name="surefire.real.class.path" value="C:\Users\Kirill Usov\AppData\Local\Temp\surefire16772155109783003376\surefirebooter-20251016113338210_3.jar"/>
    <property name="user.script" value=""/>
    <property name="sun.management.compiler" value="HotSpot 64-Bit Tiered Compilers"/>
    <property name="org.slf4j.simpleLogger.dateTimeFormat" value="HH:mm:ss"/>
    <property name="java.runtime.version" value="24.0.2+12-54"/>
    <property name="user.name" value="irox_0"/>
    <property name="stdout.encoding" value="Cp1252"/>
    <property name="path.separator" value=";"/>
    <property name="os.version" value="10.0"/>
    <property name="java.runtime.name" value="Java(TM) SE Runtime Environment"/>
    <property name="file.encoding" value="UTF-8"/>
    <property name="java.vm.name" value="Java HotSpot(TM) 64-Bit Server VM"/>
    <property name="maven.ext.class.path" value="C:\Users\Kirill Usov\AppData\Local\Programs\IntelliJ IDEA Ultimate\plugins\maven\lib\maven-event-listener.jar"/>
    <property name="localRepository" value="C:\Users\Kirill Usov\.m2\repository"/>
    <property name="java.vendor.url.bug" value="https://bugreport.java.com/bugreport/"/>
    <property name="java.io.tmpdir" value="C:\Users\KIRILL~1\AppData\Local\Temp\"/>
    <property name="idea.version" value="2025.2.2"/>
    <property name="java.version" value="24.0.2"/>
    <property name="user.dir" value="D:\JavaProgs\hangman"/>
    <property name="os.arch" value="amd64"/>
    <property name="jansi.passthrough" value="true"/>
    <property name="java.vm.specification.name" value="Java Virtual Machine Specification"/>
    <property name="user.language.format" value="ru"/>
    <property name="sun.os.patch.level" value=""/>
    <property name="native.encoding" value="Cp1252"/>
    <property name="java.library.path" value="C:\Program Files\Java\jdk-24\bin;C:\WINDOWS\Sun\Java\bin;C:\WINDOWS\system32;C:\WINDOWS;C:\Program Files\Tecplot\Tecplot 360 EX 2023 R1\bin;C:\Program Files\Microsoft MPI\Bin\;C:\Program Files\NVIDIA GPU Computing Toolkit\CUDA\v12.6\bin;C:\Program Files\NVIDIA GPU Computing Toolkit\CUDA\v12.6\libnvvp;C:\Program Files\Common Files\Oracle\Java\javapath;C:\Program Files (x86)\Razer Chroma SDK\bin;C:\Program Files\Razer Chroma SDK\bin;C:\Program Files (x86)\Razer\ChromaBroadcast\bin;C:\Program Files\Razer\ChromaBroadcast\bin;C:\Windows\system32;C:\Windows;C:\Windows\System32\Wbem;C:\Windows\System32\WindowsPowerShell\v1.0\;C:\Windows\System32\OpenSSH\;C:\Program Files (x86)\NVIDIA Corporation\PhysX\Common;C:\WINDOWS\system32;C:\WINDOWS;C:\WINDOWS\System32\Wbem;C:\WINDOWS\System32\WindowsPowerShell\v1.0\;C:\WINDOWS\System32\OpenSSH\;C:\WINDOWS\system32\config\systemprofile\AppData\Local\Microsoft\WindowsApps;C:\Program Files\dotnet\;C:\TDM-GCC-64\bin;C:\Program Files\NVIDIA Corporation\NVIDIA app\NvDLISR;C:\Program Files\NVIDIA Corporation\Nsight Compute 2024.3.2\;C:\WINDOWS\system32;C:\WINDOWS;C:\WINDOWS\System32\Wbem;C:\WINDOWS\System32\WindowsPowerShell\v1.0\;C:\WINDOWS\System32\OpenSSH\;C:\Program Files\Git\cmd;C:\Users\Kirill Usov\AppData\Local\Microsoft\WindowsApps;C:\Users\Kirill Usov\.dotnet\tools;C:\MinGW\mingw64\;C:\MinGW\mingw64\bin;D:\cpp\libraries\opencv\build\x64\vc16\bin;D:\cpp\cmake-3.30.4-windows-x86_64\bin;D:\cpp\libraries\opencv\build\x64\vc16\lib;C:\Program Files (x86)\GnuWin32\bin;C:\Program Files\JetBrains\CLion 2024.3\bin;C:\Users\Kirill Usov\AppData\Local\JetBrains\Toolbox\scripts;C:\Program Files\PostgreSQL\16\bin;;%USERPROFILE%\AppData\Local\Microsoft\WindowsApps;."/>
    <property name="java.vm.info" value="mixed mode, sharing"/>
    <property name="stderr.encoding" value="Cp1252"/>
    <property name="java.vendor" value="Oracle Corporation"/>
    <property name="java.vm.version" value="24.0.2+12-54"/>
    <property name="sun.io.unicode.encoding" value="UnicodeLittle"/>
    <property name="maven.repo.local" value="C:\Users\Kirill Usov\.m2\repository"/>
    <property name="java.class.version" value="68.0"/>
  </properties>
  <testcase name="welcomeMessageTest" classname="screens.StartEndScreenTest" time="0.001"/>
  <testcase name="incorrectInputTest" classname="screens.StartEndScreenTest" time="0.002"/>
</testsuite>